2012-06-28 08:24:51.1528 INFO List
2012-06-28 08:27:22.5774 INFO List
2012-06-28 08:30:50.3934 INFO List
2012-06-28 08:34:10.3172 INFO List
2012-06-28 08:37:37.1068 INFO List
2012-06-28 08:38:37.7068 INFO List
2012-06-28 08:39:04.3218 INFO List
2012-06-28 08:49:02.2545 INFO List
2012-06-28 08:49:13.6735 INFO List
2012-06-28 08:49:17.1522 INFO List
2012-06-28 08:49:18.2754 INFO List
2012-06-28 08:49:19.2270 INFO List
2012-06-28 08:49:19.7730 INFO List
2012-06-28 08:49:20.6622 INFO List
2012-06-28 08:49:24.1253 INFO List
2012-06-28 08:50:24.6858 INFO List
2012-06-28 08:50:26.0728 INFO List
2012-06-28 08:50:27.9922 INFO List
2012-06-28 08:50:29.1222 INFO List
2012-06-28 08:50:30.2482 INFO List
2012-06-28 08:50:34.5202 INFO List
2012-06-28 08:50:50.2094 INFO List
2012-06-28 08:52:39.6120 INFO List
2012-06-28 08:52:54.4785 INFO List
2012-06-28 08:52:56.7404 INFO List
2012-06-28 08:53:21.6732 INFO List
2012-06-28 08:54:51.5681 INFO List
2012-06-28 08:54:53.6741 INFO List
2012-06-28 08:54:55.2965 INFO List
2012-06-28 08:54:56.3105 INFO List
2012-06-28 08:54:58.1669 INFO List
2012-06-28 08:54:59.7113 INFO List
2012-06-28 08:55:00.6785 INFO List
2012-06-28 08:55:01.7393 INFO List
2012-06-28 08:55:02.3009 INFO List
2012-06-28 08:55:32.6273 INFO List
2012-06-28 08:56:59.1435 INFO List
2012-06-28 08:57:01.8303 INFO List
2012-06-28 08:57:03.2777 INFO List
2012-06-28 08:57:04.1739 INFO List
2012-06-28 08:57:05.2347 INFO List
2012-06-28 08:57:05.9311 INFO List
2012-06-28 08:57:10.2027 INFO List
2012-06-28 08:58:09.1265 INFO List
2012-06-28 08:58:11.0765 INFO List
2012-06-28 08:58:12.2777 INFO List
2012-06-28 08:58:14.5709 INFO List
2012-06-28 08:58:15.4289 INFO List
2012-06-28 08:58:16.0841 INFO List
2012-06-28 08:58:17.1917 INFO List
2012-06-28 08:58:18.7049 INFO List
2012-06-28 08:58:19.9061 INFO List
2012-06-28 08:58:22.6205 INFO List
2012-06-28 08:58:23.9621 INFO List
2012-06-28 08:58:25.0853 INFO List
2012-06-28 08:59:42.0843 INFO List
2012-06-28 09:00:11.9169 INFO List
2012-06-28 09:00:17.8293 INFO List
2012-06-28 09:00:19.1397 INFO List
2012-06-28 09:00:20.9337 INFO List
2012-06-28 09:02:10.2719 INFO List
2012-06-28 09:04:21.0323 INFO List
2012-06-28 09:04:45.9299 INFO List
2012-06-28 09:06:34.1113 INFO List
2012-06-28 09:11:42.9523 INFO List
2012-06-28 09:13:55.9891 INFO List
2012-06-28 09:15:38.7181 INFO List
2012-06-28 09:26:24.4349 INFO List
2012-06-28 09:32:54.7369 INFO List
2012-06-28 09:34:16.0473 INFO List
2012-06-28 09:38:43.6825 INFO List
2012-06-28 09:39:50.5527 INFO List
2012-06-28 09:40:52.4027 INFO List
2012-06-28 09:43:17.0443 INFO List
2012-06-28 09:43:31.4743 INFO List
2012-06-28 09:44:32.0495 INFO List
2012-06-28 09:44:45.5033 INFO List
2012-06-28 09:56:49.1851 INFO List
2012-06-28 09:58:30.3751 INFO List
2012-06-28 10:00:00.4155 INFO List
2012-06-28 10:01:01.7641 INFO List
2012-06-28 10:01:21.5581 INFO List
2012-06-28 10:01:32.7853 INFO List
2012-06-28 10:01:43.3271 INFO List
2012-06-28 10:01:52.4419 INFO List
2012-06-28 10:04:44.2127 INFO List
2012-06-28 10:09:50.5691 INFO List
2012-06-28 10:10:04.0219 INFO List
2012-06-28 10:10:15.6365 INFO List
2012-06-28 10:11:00.7465 INFO List
2012-06-28 10:17:30.2639 INFO List
2012-06-28 10:19:13.3825 INFO List
2012-06-28 10:20:59.6945 INFO List
2012-06-28 10:21:43.4577 INFO List
2012-06-28 10:22:36.6589 INFO List
2012-06-28 10:22:39.5137 INFO List
2012-06-28 10:23:08.1877 INFO List
2012-06-28 10:24:51.5259 INFO List
2012-06-28 10:25:22.4699 INFO List
2012-06-28 10:26:40.9893 INFO List
2012-06-28 10:27:38.2403 INFO List
2012-06-28 10:27:58.6393 INFO List
2012-06-28 10:28:18.2139 INFO List
2012-06-28 10:28:27.0051 INFO List
2012-06-28 10:28:28.4427 INFO List
2012-06-28 10:28:34.5495 INFO List
2012-06-28 10:28:43.2963 INFO List
2012-06-28 10:28:50.6013 INFO List
2012-06-28 10:29:42.9431 INFO List
2012-06-28 10:34:10.1759 INFO List
2012-06-28 10:34:12.7033 INFO List
2012-06-28 10:34:21.9165 INFO List
2012-06-28 10:34:37.9747 INFO List
2012-06-28 10:35:18.6257 INFO List
2012-06-28 10:36:10.0229 INFO List
2012-06-28 10:37:36.0117 INFO List
2012-06-28 10:38:11.7667 INFO List
2012-06-28 10:40:43.9383 INFO List
2012-06-28 10:40:50.1455 INFO List
2012-06-28 10:40:55.8967 INFO List
2012-06-28 10:51:29.7259 INFO List
2012-06-28 10:51:37.8833 INFO List
2012-06-28 10:51:39.1157 INFO List
2012-06-28 10:54:03.1452 INFO List
2012-06-28 10:56:52.3047 INFO List
2012-06-28 11:00:02.1700 INFO List
2012-06-28 11:03:57.0311 INFO List
2012-06-28 11:07:14.0737 INFO List
2012-06-28 11:27:58.7599 INFO List
2012-06-28 11:29:19.4255 INFO List
2012-06-28 11:33:54.5477 INFO List
2012-06-28 11:41:38.3431 INFO List
2012-06-28 11:43:24.5341 INFO List
2012-06-28 11:44:34.0711 INFO List
2012-06-28 11:46:07.3269 INFO List
2012-06-28 11:46:40.0523 INFO List
2012-06-28 11:46:58.0467 INFO List
2012-06-28 11:47:28.0405 INFO List
2012-06-28 11:47:53.5777 INFO List
2012-06-28 11:49:13.8735 INFO List
2012-06-28 11:49:34.3215 INFO List
2012-06-28 11:52:01.1657 INFO List
2012-06-28 12:41:51.9851 INFO List
2012-06-28 12:42:56.6751 INFO List
2012-06-28 12:43:22.8675 INFO List
2012-06-28 12:44:04.8073 INFO List
2012-06-28 12:44:09.4537 INFO List
2012-06-28 12:44:28.7933 INFO List
2012-06-28 12:45:24.9567 INFO List
2012-06-28 12:45:26.2203 INFO List
2012-06-28 12:45:37.9191 INFO List
2012-06-28 12:45:42.0837 INFO List
2012-06-28 12:46:16.3835 INFO List
2012-06-28 12:46:17.4287 INFO List
2012-06-28 12:54:05.9907 INFO List
2012-06-28 12:55:00.6179 INFO List
2012-06-28 12:56:31.8725 INFO List
2012-06-28 12:57:22.6727 INFO List
2012-06-28 12:58:39.3285 INFO List
2012-06-28 12:58:58.6523 INFO List
2012-06-28 12:59:15.5287 INFO List
2012-06-28 12:59:16.6795 INFO List
2012-06-28 12:59:22.7205 INFO List
2012-06-28 13:00:01.2253 INFO List
2012-06-28 13:01:50.6423 INFO List
2012-06-28 13:03:55.2757 INFO List
2012-06-28 13:03:57.1165 INFO List
2012-06-28 13:04:16.6009 INFO List
2012-06-28 13:06:06.7287 INFO List
2012-06-28 13:08:37.7579 INFO List
2012-06-28 13:09:01.0643 INFO List
2012-06-28 13:09:24.2967 INFO Category with id = 27 and name 27 must be removed from database
2012-06-28 13:26:28.0949 INFO List
2012-06-28 13:27:43.4715 INFO List
2012-06-28 13:27:55.4041 INFO List
2012-06-28 13:28:01.5733 INFO List
2012-06-28 13:28:10.6633 INFO List
2012-06-28 13:28:13.4459 INFO List
2012-06-28 13:28:25.9715 INFO List
2012-06-28 13:28:27.5209 INFO List
2012-06-28 13:28:31.5947 INFO List
2012-06-28 13:28:34.6559 INFO List
2012-06-28 13:28:35.6075 INFO List
2012-06-28 13:29:30.0341 INFO List
2012-06-28 13:29:54.7913 INFO List
2012-06-28 13:29:55.7585 INFO List
2012-06-28 13:29:58.7537 INFO List
2012-06-28 13:30:02.0141 INFO List
2012-06-28 13:30:16.3349 INFO List
2012-06-28 13:33:37.4247 INFO List
2012-06-28 13:33:39.6693 INFO List
2012-06-28 13:42:41.0216 INFO List
2012-06-28 13:42:41.5831 INFO List
2012-06-28 13:42:42.0666 INFO List
2012-06-28 13:42:47.2293 INFO List
2012-06-28 13:42:48.9450 INFO List
2012-06-28 14:15:06.7891 INFO List
2012-06-28 14:15:40.4838 INFO List
2012-06-28 14:17:24.4752 INFO List
2012-06-28 14:41:05.5087 INFO List
2012-06-28 14:59:48.6651 INFO List
2012-06-28 15:00:28.1746 INFO List
2012-06-28 16:31:52.7816 INFO List
2012-06-28 16:32:55.1623 INFO List
2012-06-28 16:34:30.9596 INFO List
2012-06-28 16:36:33.6320 INFO List
2012-06-28 16:36:43.1146 INFO List
2012-06-28 16:36:49.8165 INFO List
2012-06-28 16:36:50.9845 INFO List
2012-06-28 16:36:52.3225 INFO List
2012-06-28 16:52:06.0586 INFO List
2012-06-28 16:53:08.5709 INFO List
2012-06-28 17:00:19.4755 INFO List
2012-06-28 17:00:21.2275 INFO List
2012-06-28 17:03:46.8481 INFO List
2012-06-28 17:04:00.7961 INFO List
2012-06-28 17:04:36.8039 INFO List
2012-06-28 17:04:48.0795 INFO List
2012-06-28 17:06:19.3418 INFO List
2012-06-28 17:06:41.0281 INFO List
2012-06-28 17:08:15.8885 INFO List
2012-06-28 17:08:20.2522 INFO List
2012-06-28 17:16:01.7582 INFO List
2012-06-28 17:16:11.3491 INFO List
2012-06-28 17:16:52.1485 INFO List
2012-06-28 17:16:54.4387 INFO List
2012-06-28 17:17:22.6655 INFO List
2012-06-28 17:17:25.7586 INFO List
2012-06-28 17:19:50.4055 INFO List
2012-06-28 17:19:56.0845 INFO List
2012-06-28 17:20:19.6003 INFO List
2012-06-28 17:20:52.6226 INFO List
2012-06-28 17:20:56.5109 INFO List
2012-06-28 17:20:59.3716 INFO List
2012-06-28 17:21:02.9668 INFO List
2012-06-28 17:21:05.9646 INFO List
2012-06-28 17:21:39.6625 INFO List
2012-06-28 17:21:42.2248 INFO List
2012-06-28 17:21:45.3378 INFO List
2012-06-28 17:22:21.5835 INFO List
2012-06-28 17:25:07.3239 INFO List
2012-06-28 17:25:12.2307 INFO List
2012-06-28 17:25:59.3788 INFO List
2012-06-28 17:26:01.9996 INFO List
2012-06-28 17:26:06.4057 INFO List
2012-06-28 17:26:33.0326 INFO List
2012-06-28 17:26:36.0448 INFO List
2012-06-28 17:26:55.6580 INFO List
2012-06-28 17:26:57.9248 INFO List
2012-06-28 17:30:56.8789 INFO List
2012-06-28 17:30:59.0791 INFO List
2012-06-28 17:31:03.5867 INFO List
2012-06-28 17:31:26.6750 INFO List
2012-06-28 17:32:01.4279 INFO List
2012-06-28 17:32:03.6691 INFO List
2012-06-28 17:32:35.6564 INFO List
2012-06-28 17:32:46.5772 INFO List
2012-06-28 17:32:50.9144 INFO List
2012-06-28 17:33:03.9258 INFO List
2012-06-28 17:33:39.2781 INFO List
2012-06-28 17:34:02.1125 INFO List
2012-06-28 17:34:04.2594 INFO List
2012-06-28 17:34:05.9438 INFO List
2012-06-28 17:34:13.3383 INFO List
2012-06-28 17:35:27.8920 INFO List
2012-06-28 17:36:19.0965 INFO List
2012-06-28 17:36:41.6294 INFO List
2012-06-28 17:37:29.6548 INFO List
2012-06-28 17:37:32.7161 INFO List
2012-06-28 17:38:04.3666 INFO List
2012-06-28 17:38:05.2497 INFO List
2012-06-28 17:38:10.5885 INFO List
2012-06-28 17:38:22.8990 INFO List
2012-06-28 17:38:24.1782 INFO List
2012-06-28 17:38:28.1213 INFO List
2012-06-28 17:38:31.0390 INFO List
2012-06-28 17:43:59.1151 INFO List
2012-06-28 17:44:01.5507 INFO List
2012-06-28 17:44:06.2727 INFO List
2012-06-28 17:44:56.3532 INFO List
2012-06-28 17:45:16.9169 INFO List
2012-06-28 17:48:09.6785 INFO List
2012-06-28 17:48:11.4033 INFO List
2012-06-28 17:48:29.5740 INFO List
2012-06-28 17:48:35.4768 INFO List
2012-06-28 17:49:02.3668 INFO List
2012-06-28 17:49:07.5758 INFO List
2012-06-28 17:50:11.5519 INFO List
2012-06-28 17:50:13.7569 INFO List
2012-06-28 17:50:19.1262 INFO List
2012-06-28 18:02:40.8770 INFO List
2012-06-28 18:02:42.2560 INFO List
2012-06-28 18:02:51.8801 INFO List
2012-06-28 18:02:59.5852 INFO List
2012-06-28 18:03:13.8768 INFO List
2012-06-28 18:03:16.9278 INFO List
2012-06-28 18:03:17.8958 INFO List
2012-06-28 18:03:18.7128 INFO List
2012-06-28 18:03:19.3838 INFO List
2012-06-28 18:03:20.1668 INFO List
2012-06-28 18:03:21.9208 INFO List
2012-06-28 18:03:23.2328 INFO List
2012-06-28 18:04:20.5870 INFO List
2012-06-28 18:04:22.8128 INFO List
2012-06-28 18:09:51.7277 INFO List
2012-06-28 18:09:56.9523 INFO List
2012-06-28 18:10:08.1748 INFO List
2012-06-28 18:10:44.7205 INFO List
2012-06-28 18:10:46.8108 INFO List
2012-06-28 18:10:52.0977 INFO List
2012-06-28 18:11:20.6359 INFO List
2012-06-28 18:12:01.2325 INFO List
2012-06-28 18:13:49.8628 INFO List
2012-06-28 18:13:51.8107 INFO List
2012-06-28 18:36:17.3813 INFO List
2012-06-28 18:36:27.1532 INFO List
2012-06-28 18:36:45.5638 INFO List
2012-06-28 18:36:48.2235 INFO List
2012-06-28 18:36:55.9805 INFO List
2012-06-28 18:40:30.7308 INFO List
2012-06-28 18:42:37.7841 INFO List
2012-06-28 18:44:04.8828 INFO List
2012-06-28 18:44:22.5709 INFO List
2012-06-28 18:44:32.2491 INFO List
2012-06-28 18:46:31.3678 INFO List
2012-06-28 18:48:27.4258 INFO List
2012-06-28 18:49:21.8932 INFO List
2012-06-28 18:49:29.3643 INFO List
2012-06-28 18:49:32.8228 INFO List
2012-06-28 18:51:18.3986 INFO List
2012-06-28 18:52:43.5994 INFO List
2012-06-28 18:53:17.8733 INFO List
2012-06-28 18:53:38.2879 INFO List
2012-06-28 18:53:58.7572 INFO List
2012-06-28 19:29:30.0405 INFO List
2012-06-28 19:29:37.9460 INFO List
2012-06-28 19:30:00.2409 INFO List
2012-06-28 19:30:02.0883 INFO List
2012-06-28 19:30:05.0779 INFO List
2012-06-28 19:31:35.2994 INFO List
2012-06-28 19:31:40.9382 INFO List
2012-06-28 19:31:40.9982 INFO List
2012-06-28 19:31:56.8453 INFO List
2012-06-28 19:32:03.3597 INFO List
2012-06-28 19:32:55.9842 INFO List
2012-06-28 19:33:19.4577 INFO List
2012-06-28 19:33:49.0521 INFO List
2012-06-28 19:34:07.5636 INFO List
2012-06-28 19:34:12.2706 INFO List
2012-06-28 19:35:06.9071 INFO List
2012-06-28 19:35:28.9102 INFO List
2012-06-28 19:36:42.1355 INFO List
2012-06-28 19:38:25.9389 INFO List
2012-06-28 19:39:08.6902 INFO List
2012-06-28 19:40:25.6732 INFO List
2012-06-28 19:40:37.9840 INFO List
2012-06-28 19:40:51.7603 INFO List
2012-06-28 19:42:02.5191 INFO List
2012-06-28 19:42:17.8106 INFO List
2012-06-28 19:43:56.7743 INFO List
2012-06-28 19:44:18.9332 INFO List
2012-06-28 19:44:25.2839 INFO List
2012-06-28 19:44:29.0187 INFO List
2012-06-28 19:44:29.8257 INFO List
2012-06-28 19:44:43.4148 INFO List
2012-06-28 19:45:18.1594 INFO List
2012-06-28 19:45:24.0127 INFO List
2012-06-28 19:45:58.8744 INFO List
2012-06-28 19:46:37.0033 INFO List
2012-06-28 19:46:48.8403 INFO Product with ID = 4 and name Chef Anton's Cajun Seasoning in database must be inserted or updated in database
2012-06-28 19:47:02.6482 INFO List
2012-06-28 19:47:19.4216 INFO List
2012-06-28 19:50:07.2082 INFO List
2012-06-28 19:50:12.8296 INFO List
2012-06-28 19:50:22.4527 INFO List
2012-06-28 19:54:10.4633 INFO List
2012-06-28 19:54:29.5815 INFO List
2012-06-28 19:54:36.0692 INFO List
2012-06-28 19:54:51.3309 INFO List
2012-06-28 19:54:52.6895 INFO List
2012-06-28 19:55:00.1992 INFO List
2012-06-28 19:55:04.8792 INFO List
2012-06-28 19:55:10.6732 INFO List
2012-06-28 19:55:16.2935 INFO List
2012-06-28 19:55:26.6935 INFO List
2012-06-28 20:06:25.4106 INFO List
2012-06-28 20:06:35.3501 INFO List
2012-06-28 20:06:49.9531 INFO List
2012-06-28 20:07:26.9907 INFO List
2012-06-28 20:14:51.2604 INFO List
2012-06-28 20:16:29.7814 INFO List
2012-06-28 20:16:41.5459 INFO List
2012-06-28 20:16:52.6672 INFO List
2012-06-28 20:17:07.3193 INFO List
2012-06-28 20:18:27.9191 INFO List
2012-06-28 20:18:44.0200 INFO List
2012-06-28 20:18:53.1259 INFO List
2012-06-28 20:19:35.6266 INFO List
2012-06-28 20:20:30.7177 INFO List
2012-06-28 20:20:32.9256 INFO List
2012-06-28 20:20:48.2034 INFO List
2012-06-28 20:20:59.6014 INFO List
2012-06-28 20:21:21.0991 INFO List
2012-06-28 20:21:51.0503 INFO List
2012-06-28 20:22:36.2457 INFO List
2012-06-28 20:22:42.9003 INFO List
2012-06-28 20:23:18.5707 INFO List
2012-06-28 20:23:44.8472 INFO List
2012-06-28 20:23:51.8029 INFO List
2012-06-28 20:24:42.1674 INFO List
2012-06-28 20:24:51.5411 INFO List
2012-06-28 20:25:05.5761 INFO List
2012-06-28 20:25:14.1477 INFO Product with ID = 3 and name Aniseed Syrup in database must be inserted or updated in database
2012-06-28 20:25:52.9741 INFO Product with ID = 3 and name Aniseed Syrup in database must be inserted or updated in database
2012-06-28 20:25:59.5920 INFO Product with ID = 3 and name Aniseed Syrup in database must be inserted or updated in database
2012-06-28 20:26:18.9395 INFO List
2012-06-28 20:26:46.6455 INFO Product with ID = 14 and name Tofu in database must be inserted or updated in database
2012-06-28 20:27:03.4566 INFO List
2012-06-28 20:27:33.3030 INFO List
2012-06-28 20:28:21.9486 INFO Product with ID = 3 and name Aniseed Syrup in database must be inserted or updated in database
2012-06-28 20:28:30.2025 INFO List
2012-06-28 20:42:41.5068 INFO List
2012-06-28 20:43:07.0927 INFO List
2012-06-28 20:43:16.8869 INFO Product with ID = 3 and name Aniseed Syrup in database must be inserted or updated in database
2012-06-28 20:43:20.7600 INFO Product with id = 3 and name 3 has been removed from database
2012-06-28 20:43:31.9487 INFO List
2012-06-28 20:43:32.0257 INFO List
2012-06-28 20:45:43.4936 INFO List
2012-06-28 20:45:45.8960 INFO List
2012-06-28 20:45:50.3570 INFO List
2012-06-28 20:45:55.3265 INFO List
2012-06-28 20:46:04.7284 INFO List
2012-06-28 20:46:59.9642 INFO List
2012-06-28 20:47:04.2150 INFO List
2012-06-28 20:47:37.9911 INFO List
2012-06-28 20:48:01.8978 INFO List
2012-06-28 20:51:09.6597 INFO List
2012-06-28 20:51:32.9086 INFO List
2012-06-28 20:51:52.9371 INFO List
2012-06-28 20:52:02.7030 INFO List
2012-06-28 20:52:06.2954 INFO List
2012-06-28 20:52:28.6034 INFO List
2012-06-28 20:52:38.7415 INFO List
2012-06-28 21:01:42.7606 INFO List
2012-06-28 21:01:48.3234 INFO List
2012-06-28 21:01:53.7597 INFO List
2012-06-28 21:01:54.0627 INFO List
2012-06-28 21:01:54.2597 INFO List
2012-06-28 21:01:54.4327 INFO List
2012-06-28 21:01:59.2116 INFO List
2012-06-28 21:03:06.4466 INFO List
2012-06-28 21:03:10.6461 INFO List
2012-06-28 21:03:10.8071 INFO List
2012-06-28 21:03:10.9281 INFO List
2012-06-28 21:03:11.2201 INFO List
2012-06-28 21:03:12.3781 INFO List
2012-06-28 21:03:12.6911 INFO List
2012-06-28 21:03:14.1251 INFO List
2012-06-28 21:03:14.4133 INFO List
2012-06-28 21:03:14.5853 INFO List
2012-06-28 21:03:14.8703 INFO List
2012-06-28 21:03:15.1493 INFO List
2012-06-28 21:03:15.3243 INFO List
2012-06-28 21:03:15.4863 INFO List
2012-06-28 21:03:16.8993 INFO List
2012-06-28 21:03:17.5513 INFO List
2012-06-28 21:03:18.1393 INFO List
2012-06-28 21:03:20.1393 INFO List
2012-06-28 21:03:20.4743 INFO List
2012-06-28 21:03:21.5391 INFO List
2012-06-28 21:03:21.8971 INFO List
2012-06-28 21:03:22.2751 INFO List
2012-06-28 21:03:22.5041 INFO List
2012-06-28 21:03:39.7190 INFO List
2012-06-28 21:03:41.8174 INFO List
2012-06-28 21:03:43.9078 INFO List
2012-06-28 21:03:56.9414 INFO List
2012-06-28 21:06:00.8143 INFO List
2012-06-28 21:08:12.8319 INFO List
2012-06-28 21:12:22.9292 INFO List
2012-06-28 21:15:26.3797 INFO List
2012-06-28 21:15:27.3527 INFO List
2012-06-28 21:15:27.6567 INFO List
2012-06-28 21:15:28.2477 INFO List
2012-06-28 21:15:28.5017 INFO List
2012-06-28 21:15:28.8167 INFO List
2012-06-28 21:15:40.6807 INFO List
2012-06-28 21:17:09.0402 INFO List
2012-06-28 21:17:09.5452 INFO List
2012-06-28 21:17:10.2202 INFO List
2012-06-28 21:17:10.4912 INFO List
2012-06-28 21:18:15.6987 INFO List
2012-06-28 21:18:16.3787 INFO List
2012-06-28 21:18:21.8457 INFO List
2012-06-28 21:19:31.6396 INFO List
2012-06-28 21:19:55.7347 INFO List
2012-06-28 21:19:56.5537 INFO List
2012-06-28 21:19:56.9057 INFO List
2012-06-28 21:19:57.4927 INFO List
2012-06-28 21:19:58.3577 INFO List
2012-06-28 21:20:00.5267 INFO List
2012-06-28 21:20:01.0217 INFO List
2012-06-28 21:20:01.5097 INFO List
2012-06-28 21:20:01.8867 INFO List
2012-06-28 21:20:02.8927 INFO List
2012-06-28 21:20:03.1217 INFO List
2012-06-28 21:20:03.8697 INFO List
2012-06-28 21:21:10.0261 INFO List
2012-06-28 21:21:11.0915 INFO List
2012-06-28 21:21:12.9625 INFO List
2012-06-28 21:21:13.7665 INFO List
2012-06-28 21:21:14.4295 INFO List
2012-06-28 21:21:15.2445 INFO List
2012-06-28 21:21:15.8715 INFO List
2012-06-28 21:21:16.0715 INFO List
2012-06-28 21:21:16.2655 INFO List
2012-06-28 21:21:17.2405 INFO List
2012-06-28 21:21:17.8175 INFO List
2012-06-28 21:21:18.4555 INFO List
2012-06-28 21:21:18.6465 INFO List
2012-06-28 21:22:44.2011 INFO Product with ID = 4 and name Chef Anton's Cajun Seasoning in database must be inserted or updated in database
2012-06-28 21:23:02.7164 INFO List
2012-06-28 21:23:05.3624 INFO List
2012-06-28 21:23:07.3054 INFO List
2012-06-28 21:23:14.7304 INFO List
2012-06-28 21:23:22.1320 INFO List
2012-06-28 21:23:38.8749 INFO List
2012-06-28 21:23:39.6589 INFO List
2012-06-28 21:23:39.8599 INFO List
2012-06-28 21:23:40.2839 INFO List
2012-06-28 21:23:41.7519 INFO List
2012-06-28 21:23:55.2034 INFO List
2012-06-28 21:23:57.6084 INFO List
2012-06-28 21:23:59.0974 INFO List
2012-06-28 21:24:00.3302 INFO List
2012-06-28 21:24:01.5982 INFO List
2012-06-28 21:24:03.8652 INFO List
2012-06-28 21:24:14.8093 INFO List
2012-06-28 21:24:16.7223 INFO List
2012-06-28 21:24:20.2735 INFO List
2012-06-28 21:24:24.6827 INFO List
2012-06-28 21:24:30.0057 INFO List
2012-06-28 21:24:31.6807 INFO List
2012-06-28 21:24:37.6109 INFO List
2012-06-28 21:24:53.6409 INFO List
2012-06-28 21:25:39.7967 INFO Product with ID = 98 and name sadjas in database must be inserted or updated in database
2012-06-28 21:25:56.4407 INFO Category with id = 2 and name 2 is saved in database
