2012-06-29 09:33:02.2443 INFO List
2012-06-29 09:33:06.5892 INFO List
2012-06-29 09:33:16.2529 INFO List
2012-06-29 09:33:21.1552 INFO List
2012-06-29 09:33:27.2725 INFO List
2012-06-29 09:36:10.0184 INFO List
2012-06-29 09:38:59.9674 INFO List
2012-06-29 09:39:14.6767 INFO List
2012-06-29 09:41:22.9236 INFO List
2012-06-29 09:41:25.1356 INFO List
2012-06-29 09:42:38.6055 INFO List
2012-06-29 09:42:41.0429 INFO List
2012-06-29 09:42:46.3603 INFO List
2012-06-29 09:43:05.2655 INFO List
2012-06-29 09:43:07.6009 INFO List
2012-06-29 09:43:10.1777 INFO List
2012-06-29 09:43:12.3900 INFO List
2012-06-29 09:44:04.5138 INFO Order with id 11081 saved in database
2012-06-29 09:44:13.0732 INFO List
2012-06-29 09:44:13.7842 INFO List
2012-06-29 09:46:05.3965 INFO List
2012-06-29 09:46:06.3625 INFO List
2012-06-29 09:46:06.7305 INFO List
2012-06-29 09:46:07.0745 INFO List
2012-06-29 09:46:07.5705 INFO List
2012-06-29 09:51:37.1189 INFO List
2012-06-29 09:51:37.7319 INFO List
2012-06-29 09:51:55.1240 INFO List
2012-06-29 09:52:30.5188 INFO List
2012-06-29 09:54:11.8523 INFO List
2012-06-29 09:55:29.6420 INFO List
2012-06-29 09:56:14.4084 INFO List
2012-06-29 09:56:16.4454 INFO List
2012-06-29 09:57:34.7014 INFO List
2012-06-29 09:58:22.0063 INFO List
2012-06-29 09:58:43.3421 INFO List
2012-06-29 09:58:53.0955 INFO List
2012-06-29 09:58:54.0479 INFO List
2012-06-29 09:58:54.7349 INFO List
2012-06-29 09:59:03.9996 INFO List
2012-06-29 10:02:02.8305 INFO List
2012-06-29 10:02:49.1149 INFO List
2012-06-29 10:05:16.2443 INFO List
2012-06-29 10:06:13.8618 INFO List
2012-06-29 10:06:49.6104 INFO List
2012-06-29 10:07:23.6117 INFO List
2012-06-29 10:07:48.8130 INFO List
2012-06-29 10:08:17.4124 INFO List
2012-06-29 10:09:19.9256 INFO List
2012-06-29 10:10:35.8145 INFO List
2012-06-29 10:10:44.5808 INFO List
2012-06-29 10:10:56.9910 INFO List
2012-06-29 10:11:11.6821 INFO List
2012-06-29 10:11:18.7510 INFO List
2012-06-29 10:11:20.4690 INFO List
2012-06-29 10:11:22.1422 INFO List
2012-06-29 10:11:22.5442 INFO List
2012-06-29 10:11:22.7512 INFO List
2012-06-29 10:11:23.5192 INFO List
2012-06-29 10:11:23.8422 INFO List
2012-06-29 10:13:31.8051 INFO List
2012-06-29 10:14:20.1950 INFO List
2012-06-29 10:14:24.2724 INFO List
2012-06-29 10:14:24.5694 INFO List
2012-06-29 10:14:24.9980 INFO List
2012-06-29 10:14:26.1540 INFO List
2012-06-29 10:14:26.8730 INFO List
2012-06-29 10:14:31.4599 INFO List
2012-06-29 10:14:31.7559 INFO List
2012-06-29 10:14:32.4999 INFO List
2012-06-29 10:14:32.7759 INFO List
2012-06-29 10:14:33.0119 INFO List
2012-06-29 10:14:38.7183 INFO Order with id 11082 saved in database
2012-06-29 10:15:04.7037 INFO List
2012-06-29 10:15:23.8861 INFO Order with id 11083 saved in database
2012-06-29 10:15:30.8244 INFO List
2012-06-29 10:17:03.8280 INFO List
2012-06-29 10:17:38.8907 INFO List
2012-06-29 10:17:41.4286 INFO List
2012-06-29 10:17:48.0299 INFO List
2012-06-29 10:17:53.1422 INFO List
2012-06-29 10:17:56.1502 INFO List
2012-06-29 10:18:06.2301 INFO List
2012-06-29 10:18:11.8462 INFO List
2012-06-29 10:18:13.6546 INFO List
2012-06-29 10:18:15.2199 INFO List
2012-06-29 10:18:16.2921 INFO List
2012-06-29 10:18:16.9793 INFO List
2012-06-29 10:19:04.8010 INFO List
2012-06-29 10:19:11.4554 INFO List
2012-06-29 10:19:12.5849 INFO List
2012-06-29 10:19:12.9139 INFO List
2012-06-29 10:19:13.3630 INFO List
2012-06-29 10:19:15.4880 INFO List
2012-06-29 10:19:15.6991 INFO List
2012-06-29 10:19:22.8055 INFO List
2012-06-29 10:19:29.6623 INFO List
2012-06-29 10:20:08.8601 INFO List
2012-06-29 10:20:12.3726 INFO List
2012-06-29 10:20:20.0362 INFO List
2012-06-29 10:20:22.6287 INFO List
2012-06-29 10:20:26.5580 INFO List
2012-06-29 10:20:34.5935 INFO List
2012-06-29 10:21:53.7230 INFO List
2012-06-29 10:22:43.2841 INFO List
2012-06-29 10:27:25.4356 INFO List
2012-06-29 10:28:37.5308 INFO List
2012-06-29 10:28:43.5916 INFO List
2012-06-29 10:28:53.2780 INFO List
2012-06-29 10:29:05.1180 INFO List
2012-06-29 10:29:48.8421 INFO List
2012-06-29 10:31:23.6478 INFO List
2012-06-29 10:31:25.5844 INFO List
2012-06-29 10:32:49.6124 INFO List
2012-06-29 10:33:00.6845 INFO List
2012-06-29 10:33:03.7831 INFO List
2012-06-29 10:33:19.8864 INFO List
2012-06-29 10:33:23.3371 INFO List
2012-06-29 10:33:35.8234 INFO Category with id = 29 and name 29 is saved in database
2012-06-29 10:33:51.1691 INFO List
2012-06-29 10:37:00.5635 INFO List
2012-06-29 10:37:17.7623 INFO List
2012-06-29 10:37:22.1852 INFO List
2012-06-29 10:37:28.2311 INFO List
2012-06-29 10:37:37.2581 INFO List
2012-06-29 10:37:37.9361 INFO List
2012-06-29 10:37:38.4541 INFO List
2012-06-29 10:37:38.9981 INFO List
2012-06-29 10:38:10.8679 INFO Product with ID = 99 and name asd in database must be inserted or updated in database
2012-06-29 10:38:32.7137 INFO Product with ID = 98 and name sadjas in database must be inserted or updated in database
2012-06-29 10:38:38.8259 INFO List
2012-06-29 10:38:45.4372 INFO List
2012-06-29 10:38:46.8042 INFO List
2012-06-29 10:39:58.5116 INFO List
2012-06-29 10:43:51.4074 INFO List
2012-06-29 10:43:56.9332 INFO List
2012-06-29 10:44:00.0004 INFO List
2012-06-29 10:44:10.0892 INFO List
2012-06-29 10:44:47.5508 INFO List
2012-06-29 10:44:51.4780 INFO List
2012-06-29 10:44:55.7810 INFO List
2012-06-29 10:44:59.1319 INFO List
2012-06-29 10:45:29.7084 INFO Product with ID = 100 and name dd ddd dd in database must be inserted or updated in database
2012-06-29 10:45:34.1449 INFO List
2012-06-29 10:45:39.7400 INFO List
2012-06-29 10:59:51.5486 INFO List
2012-06-29 10:59:53.5001 INFO List
2012-06-29 10:59:56.9070 INFO List
2012-06-29 11:01:52.3591 INFO List
2012-06-29 11:02:00.2751 INFO List
2012-06-29 11:02:03.4774 INFO List
2012-06-29 11:02:03.9114 INFO List
2012-06-29 11:02:04.2754 INFO List
2012-06-29 11:02:04.6260 INFO List
2012-06-29 11:10:41.7099 INFO List
2012-06-29 11:11:12.4557 INFO List
2012-06-29 11:11:23.6547 INFO List
2012-06-29 11:11:28.0845 INFO List
2012-06-29 11:11:28.4145 INFO List
2012-06-29 11:11:28.6835 INFO List
2012-06-29 11:11:29.0885 INFO List
2012-06-29 11:11:30.1435 INFO List
2012-06-29 11:11:30.4375 INFO List
2012-06-29 11:12:19.3502 INFO List
2012-06-29 11:13:25.3568 INFO List
2012-06-29 11:13:33.7238 INFO List
2012-06-29 11:17:32.3864 INFO List
2012-06-29 11:17:45.6469 INFO Product with ID = 4 and name Chef Anton's Cajun Seasoning in database must be inserted or updated in database
2012-06-29 11:20:35.7379 INFO List
2012-06-29 11:20:38.5420 INFO List
2012-06-29 11:21:01.1523 INFO Product with id = 98 and name 98 has been removed from database
2012-06-29 11:21:13.4104 INFO Product with ID = 99 and name asd in database must be inserted or updated in database
2012-06-29 11:21:28.3066 INFO Product with ID = 99 and name asd in database must be inserted or updated in database
2012-06-29 11:22:35.1413 INFO Product with ID = 99 and name asd in database must be inserted or updated in database
2012-06-29 11:22:59.4086 INFO Product with ID = 99 and name asd in database must be inserted or updated in database
2012-06-29 11:23:46.6014 INFO Product with ID = 99 and name asd in database must be inserted or updated in database
2012-06-29 11:25:18.5737 INFO Product with ID = 99 and name asd in database must be inserted or updated in database
2012-06-29 11:25:56.6553 INFO Product with ID = 4 and name Chef Anton's Cajun Seasoning in database must be inserted or updated in database
2012-06-29 11:27:16.6117 INFO List
2012-06-29 11:27:21.0336 INFO List
2012-06-29 11:27:34.7112 INFO Category with id = 29 and name 29 is saved in database
2012-06-29 11:28:53.3736 INFO List
2012-06-29 11:28:59.7800 INFO List
2012-06-29 11:29:37.5352 INFO List
2012-06-29 11:29:47.1369 INFO Product with ID = 4 and name Chef Anton's Cajun Seasoning in database must be inserted or updated in database
2012-06-29 11:29:51.4726 INFO Product with ID = 4 and name Chef Anton's Cajun Seasoning in database must be inserted or updated in database
2012-06-29 11:30:09.5496 INFO Product with ID = 4 and name Chef Anton's Cajun Seasoning in database must be inserted or updated in database
2012-06-29 11:30:32.5605 INFO List
2012-06-29 11:33:36.2009 INFO List
2012-06-29 11:38:07.5275 INFO List
2012-06-29 11:38:24.5326 INFO Product with ID = 4 and name Chef Anton's Cajun Seasoning in database must be inserted or updated in database
2012-06-29 11:38:49.0208 INFO List
2012-06-29 11:39:03.6810 INFO Product with ID = 4 and name Chef Anton's Cajun Seasoning in database must be inserted or updated in database
2012-06-29 11:39:12.5291 INFO Product with ID = 4 and name Chef Anton's Cajun Seasoning in database must be inserted or updated in database
2012-06-29 11:40:34.2143 INFO Product with ID = 4 and name Chef Anton's Cajun Seasoning in database must be inserted or updated in database
2012-06-29 11:43:08.8455 INFO Product with ID = 4 and name Chef Anton's Cajun Seasoning in database must be inserted or updated in database
2012-06-29 11:43:43.1605 INFO List
2012-06-29 11:43:49.9064 INFO List
2012-06-29 11:44:02.7504 INFO Product with ID = 4 and name Chef Anton's Cajun Seasoning in database must be inserted or updated in database
2012-06-29 11:44:33.2439 INFO Product with ID = 4 and name Chef Anton's Cajun Seasoning in database must be inserted or updated in database
2012-06-29 11:45:08.2028 INFO Product with ID = 4 and name Chef Anton's Cajun Seasoning in database must be inserted or updated in database
2012-06-29 11:52:17.0865 INFO List
2012-06-29 11:52:25.7589 INFO Product with ID = 4 and name Chef Anton's Cajun Seasoning in database must be inserted or updated in database
2012-06-29 11:52:54.7867 INFO Product with ID = 4 and name Chef Anton's Cajun Seasoning in database must be inserted or updated in database
2012-06-29 11:54:28.6306 INFO Product with ID = 4 and name sd in database must be inserted or updated in database
2012-06-29 11:56:36.7494 INFO Product with ID = 4 and name sd in database must be inserted or updated in database
2012-06-29 11:57:08.4545 INFO List
2012-06-29 11:58:32.2381 INFO List
2012-06-29 12:00:41.6806 INFO Product with ID = 4 and name sd in database must be inserted or updated in database
2012-06-29 12:04:34.4011 INFO List
2012-06-29 12:04:56.5525 INFO List
2012-06-29 12:05:23.1780 INFO List
2012-06-29 12:05:23.2404 INFO List
2012-06-29 12:05:37.8432 INFO List
2012-06-29 12:05:45.4246 INFO List
2012-06-29 12:06:53.6261 INFO List
2012-06-29 12:09:53.2729 INFO List
2012-06-29 12:10:25.3242 INFO List
2012-06-29 12:11:12.2258 INFO Product with ID = 4 and name sd in database must be inserted or updated in database
2012-06-29 12:12:27.6031 INFO List
2012-06-29 12:12:33.2801 INFO List
2012-06-29 12:12:55.0115 INFO List
2012-06-29 12:18:04.9184 INFO List
2012-06-29 12:20:09.5078 INFO List
2012-06-29 12:21:09.3300 INFO List
2012-06-29 12:21:10.6327 INFO List
2012-06-29 12:21:14.0853 INFO List
2012-06-29 12:21:29.2739 INFO Product with ID = 4 and name sd in database must be inserted or updated in database
2012-06-29 12:25:02.8044 INFO List
2012-06-29 12:25:52.9779 INFO List
2012-06-29 12:26:03.5235 INFO List
2012-06-29 12:26:57.7748 INFO List
2012-06-29 12:28:18.3998 INFO List
2012-06-29 12:28:44.3259 INFO List
2012-06-29 12:29:39.7201 INFO List
2012-06-29 12:30:51.2023 INFO List
2012-06-29 12:31:30.9712 INFO List
2012-06-29 12:33:41.3887 INFO List
2012-06-29 12:33:44.2815 INFO List
2012-06-29 12:33:52.8124 INFO List
2012-06-29 12:34:06.3586 INFO List
2012-06-29 12:34:52.8916 INFO List
2012-06-29 12:35:02.4469 INFO List
2012-06-29 12:35:28.7491 INFO List
2012-06-29 12:36:12.2848 INFO List
2012-06-29 12:36:25.9157 INFO Product with ID = 4 and name sd in database must be inserted or updated in database
2012-06-29 12:46:21.6236 INFO Product with ID = 4 and name sd in database must be inserted or updated in database
2012-06-29 12:46:33.9944 INFO Product with ID = 4 and name sd in database must be inserted or updated in database
2012-06-29 12:49:34.7340 INFO Product with ID = 4 and name sd in database must be inserted or updated in database
2012-06-29 12:49:43.2203 INFO Product with ID = 4 and name sd in database must be inserted or updated in database
2012-06-29 12:49:58.7421 INFO Product with ID = 4 and name sd in database must be inserted or updated in database
2012-06-29 12:50:10.4888 INFO Product with ID = 4 and name sd in database must be inserted or updated in database
2012-06-29 13:17:20.1072 INFO List
2012-06-29 13:17:35.0410 INFO List
2012-06-29 13:17:41.1479 INFO List
2012-06-29 13:24:54.6614 INFO List
2012-06-29 13:24:58.3860 INFO List
2012-06-29 13:24:59.4116 INFO List
2012-06-29 13:24:59.6756 INFO List
2012-06-29 13:24:59.8986 INFO List
2012-06-29 13:25:00.1216 INFO List
2012-06-29 13:25:15.7945 INFO List
2012-06-29 13:25:38.8418 INFO List
2012-06-29 13:25:39.6720 INFO List
2012-06-29 13:25:40.1184 INFO List
2012-06-29 13:25:40.5904 INFO List
2012-06-29 13:25:40.8094 INFO List
2012-06-29 13:25:41.0596 INFO List
2012-06-29 13:25:56.6951 INFO List
2012-06-29 13:26:10.5800 INFO List
2012-06-29 13:27:02.8580 INFO List
2012-06-29 13:27:52.2813 INFO List
2012-06-29 13:27:53.2573 INFO List
2012-06-29 13:27:53.7923 INFO List
2012-06-29 13:27:54.1673 INFO List
2012-06-29 13:27:54.3777 INFO List
2012-06-29 13:27:54.6117 INFO List
2012-06-29 13:27:54.8207 INFO List
2012-06-29 13:27:55.0157 INFO List
2012-06-29 13:27:55.4327 INFO List
2012-06-29 13:27:55.6937 INFO List
2012-06-29 13:28:41.9261 INFO List
2012-06-29 13:29:12.0500 INFO List
2012-06-29 13:30:28.6404 INFO List
2012-06-29 13:30:35.5482 INFO List
2012-06-29 13:33:46.6183 INFO List
2012-06-29 13:34:22.3593 INFO List
2012-06-29 13:34:22.5063 INFO List
2012-06-29 13:34:22.7363 INFO List
2012-06-29 13:34:23.0063 INFO List
2012-06-29 13:34:23.2973 INFO List
2012-06-29 13:34:24.4519 INFO List
2012-06-29 13:34:24.7369 INFO List
2012-06-29 13:34:31.9660 INFO List
2012-06-29 13:35:06.7400 INFO Category with id = 29 and name 29 must be removed from database
2012-06-29 13:40:11.2900 INFO List
2012-06-29 13:40:19.7021 INFO List
2012-06-29 13:41:26.6867 INFO List
2012-06-29 13:42:16.7378 INFO List
2012-06-29 13:43:15.7788 INFO List
2012-06-29 13:43:30.1485 INFO List
2012-06-29 13:43:43.2425 INFO List
2012-06-29 13:43:50.2067 INFO List
2012-06-29 13:44:40.1788 INFO List
2012-06-29 13:48:06.1854 INFO List
2012-06-29 13:48:29.5741 INFO Product with ID = 101 and name dj.; in database must be inserted or updated in database
2012-06-29 13:48:47.6569 INFO List
2012-06-29 13:48:51.5598 INFO List
2012-06-29 13:48:52.8016 INFO List
2012-06-29 13:48:57.8298 INFO List
2012-06-29 13:49:00.7978 INFO List
2012-06-29 13:49:05.8910 INFO List
2012-06-29 13:49:07.3516 INFO List
2012-06-29 13:49:11.9002 INFO List
2012-06-29 13:49:16.6650 INFO List
2012-06-29 13:49:17.9760 INFO List
2012-06-29 13:49:23.6466 INFO List
2012-06-29 13:49:25.0686 INFO List
2012-06-29 13:49:32.3237 INFO List
2012-06-29 13:49:34.0517 INFO List
2012-06-29 13:51:24.0081 INFO List
2012-06-29 13:51:46.2922 INFO List
2012-06-29 13:52:00.6089 INFO List
2012-06-29 13:52:19.7303 INFO List
2012-06-29 13:52:43.2262 INFO List
2012-06-29 13:53:12.8489 INFO List
2012-06-29 13:53:41.7072 INFO List
2012-06-29 13:53:47.7645 INFO List
2012-06-29 13:56:37.0974 INFO List
2012-06-29 13:56:57.0170 INFO List
2012-06-29 13:57:00.6312 INFO List
2012-06-29 13:57:02.4204 INFO List
2012-06-29 13:57:03.8674 INFO List
2012-06-29 13:58:03.7728 INFO List
2012-06-29 13:58:07.5664 INFO List
2012-06-29 13:58:28.5804 INFO List
2012-06-29 13:58:34.7888 INFO List
2012-06-29 13:59:02.4298 INFO Product with ID = 102 and name sdfsdf;''\\ in database must be inserted or updated in database
2012-06-29 13:59:13.1448 INFO Product with ID = 103 and name sdfsdf;''\\]\' in database must be inserted or updated in database
2012-06-29 14:00:01.8447 INFO List
2012-06-29 14:02:58.3815 INFO List
2012-06-29 14:03:18.2068 INFO List
2012-06-29 14:23:08.9278 INFO List
2012-06-29 14:23:11.0558 INFO List
2012-06-29 14:23:11.7838 INFO List
2012-06-29 14:23:12.5380 INFO List
2012-06-29 14:23:16.8927 INFO List
2012-06-29 14:23:20.8750 INFO List
2012-06-29 14:23:28.7176 INFO List
2012-06-29 14:23:32.9568 INFO List
2012-06-29 14:23:36.5313 INFO List
2012-06-29 14:23:42.6674 INFO List
2012-06-29 14:23:44.3198 INFO List
2012-06-29 14:23:48.9082 INFO List
2012-06-29 14:23:50.4902 INFO List
2012-06-29 14:23:54.3514 INFO List
2012-06-29 14:24:41.8518 INFO List
2012-06-29 14:24:45.3794 INFO List
2012-06-29 14:25:11.0603 INFO List
2012-06-29 14:25:20.9780 INFO List
2012-06-29 14:26:46.3044 INFO List
2012-06-29 14:27:04.3298 INFO List
2012-06-29 14:27:10.4318 INFO List
2012-06-29 14:27:15.2666 INFO List
2012-06-29 14:27:29.3125 INFO Product with ID = 4 and name Aniseed Syrup in database must be inserted or updated in database
2012-06-29 14:27:35.6167 INFO List
2012-06-29 14:27:42.6807 INFO List
2012-06-29 14:27:44.0247 INFO List
2012-06-29 14:27:44.8487 INFO List
2012-06-29 14:27:45.4123 INFO List
2012-06-29 14:27:50.2637 INFO List
2012-06-29 14:27:54.0161 INFO List
2012-06-29 14:27:58.0180 INFO List
2012-06-29 14:28:02.6554 INFO List
2012-06-29 14:28:06.9168 INFO List
2012-06-29 14:28:50.2069 INFO List
2012-06-29 14:28:57.5674 INFO List
2012-06-29 14:28:59.3304 INFO List
2012-06-29 14:29:00.6764 INFO List
2012-06-29 14:29:03.6504 INFO List
2012-06-29 14:29:07.9016 INFO List
2012-06-29 14:29:12.0186 INFO List
2012-06-29 14:30:26.3277 INFO List
2012-06-29 14:30:39.5771 INFO List
2012-06-29 14:31:50.5267 INFO List
2012-06-29 14:32:07.8487 INFO List
2012-06-29 14:32:08.9123 INFO List
2012-06-29 14:32:09.2163 INFO List
2012-06-29 14:32:09.4553 INFO List
2012-06-29 14:32:17.1734 INFO List
2012-06-29 14:32:20.0438 INFO List
2012-06-29 14:32:24.2900 INFO List
2012-06-29 14:32:27.4937 INFO List
2012-06-29 14:32:34.1887 INFO List
2012-06-29 14:32:37.9913 INFO List
2012-06-29 14:32:44.5808 INFO List
2012-06-29 14:32:49.2212 INFO List
2012-06-29 14:33:10.3151 INFO List
2012-06-29 14:33:39.5250 INFO List
2012-06-29 14:33:48.9892 INFO List
2012-06-29 14:33:50.4002 INFO List
2012-06-29 14:33:56.1451 INFO List
2012-06-29 14:33:59.4953 INFO List
2012-06-29 14:34:05.2356 INFO List
2012-06-29 14:34:15.7142 INFO List
2012-06-29 14:34:23.6982 INFO List
2012-06-29 14:34:55.9248 INFO List
2012-06-29 14:34:58.4172 INFO List
2012-06-29 14:35:04.0859 INFO List
2012-06-29 14:35:06.0019 INFO List
2012-06-29 14:35:07.3807 INFO List
2012-06-29 14:35:08.8133 INFO List
2012-06-29 14:35:09.7233 INFO List
2012-06-29 14:35:20.8392 INFO List
2012-06-29 14:35:22.1382 INFO List
2012-06-29 14:35:25.9701 INFO List
2012-06-29 14:35:33.3382 INFO List
2012-06-29 14:35:45.1067 INFO List
2012-06-29 14:35:47.6690 INFO List
2012-06-29 14:35:49.6440 INFO List
2012-06-29 14:35:52.0486 INFO List
2012-06-29 14:36:00.7091 INFO List
2012-06-29 14:36:45.5286 INFO List
2012-06-29 14:36:50.0682 INFO List
2012-06-29 14:36:52.2078 INFO List
2012-06-29 14:36:56.0118 INFO List
2012-06-29 14:36:58.8496 INFO List
2012-06-29 14:37:02.4615 INFO List
2012-06-29 14:37:10.0863 INFO List
2012-06-29 14:37:14.2343 INFO List
2012-06-29 14:37:36.3223 INFO List
2012-06-29 14:37:44.6938 INFO List
2012-06-29 14:37:47.0924 INFO List
2012-06-29 14:37:48.5644 INFO List
2012-06-29 14:37:49.3884 INFO List
2012-06-29 14:37:53.1158 INFO List
2012-06-29 14:38:04.2992 INFO List
2012-06-29 14:38:13.5295 INFO List
2012-06-29 14:38:16.6747 INFO List
2012-06-29 14:38:20.6340 INFO List
2012-06-29 14:38:22.5930 INFO List
2012-06-29 14:38:24.2928 INFO List
2012-06-29 14:38:25.3538 INFO List
2012-06-29 14:38:26.9618 INFO List
2012-06-29 14:38:27.9978 INFO List
2012-06-29 14:38:30.1954 INFO List
2012-06-29 14:38:32.0630 INFO List
2012-06-29 14:38:34.1256 INFO List
2012-06-29 14:38:35.1616 INFO List
2012-06-29 14:38:37.4855 INFO List
2012-06-29 14:38:50.3483 INFO List
2012-06-29 14:38:59.2728 INFO List
2012-06-29 14:39:01.7670 INFO List
2012-06-29 14:39:07.4937 INFO List
2012-06-29 14:39:08.7925 INFO List
2012-06-29 14:39:11.2578 INFO List
2012-06-29 14:39:15.0128 INFO List
2012-06-29 14:39:23.7629 INFO List
2012-06-29 14:39:25.4949 INFO List
2012-06-29 14:39:26.8239 INFO List
2012-06-29 14:39:27.3839 INFO List
2012-06-29 14:39:28.1669 INFO List
2012-06-29 14:39:29.8869 INFO List
2012-06-29 14:44:14.4516 INFO List
2012-06-29 14:44:23.1038 INFO List
2012-06-29 14:44:28.5595 INFO List
2012-06-29 14:44:31.9155 INFO List
2012-06-29 14:44:37.8136 INFO List
2012-06-29 14:44:48.3437 INFO List
2012-06-29 14:44:52.8023 INFO List
2012-06-29 14:44:55.2585 INFO List
2012-06-29 14:45:25.5841 INFO List
2012-06-29 14:45:30.1922 INFO List
2012-06-29 14:45:33.0100 INFO List
2012-06-29 14:46:22.5011 INFO Product with ID = 104 and name sdf in database must be inserted or updated in database
2012-06-29 14:46:46.1319 INFO List
2012-06-29 14:46:49.7396 INFO List
2012-06-29 14:47:29.6826 INFO List
2012-06-29 14:48:50.1864 INFO List
2012-06-29 14:48:52.7260 INFO List
2012-06-29 14:48:54.9256 INFO List
2012-06-29 14:48:58.2124 INFO List
2012-06-29 14:49:22.9016 INFO List
2012-06-29 14:49:24.5396 INFO List
2012-06-29 14:49:28.0136 INFO List
2012-06-29 14:52:02.3742 INFO Product with ID = 105 and name tryrty in database must be inserted or updated in database
2012-06-29 14:52:08.2664 INFO List
2012-06-29 14:52:28.6931 INFO List
2012-06-29 14:53:04.8438 INFO List
2012-06-29 14:54:20.9087 INFO List
2012-06-29 14:54:21.0023 INFO List
2012-06-29 14:54:33.4207 INFO List
2012-06-29 14:54:39.7781 INFO List
2012-06-29 14:57:15.0050 INFO List
2012-06-29 14:57:41.1564 INFO List
2012-06-29 14:58:29.2787 INFO List
2012-06-29 14:59:04.0572 INFO List
2012-06-29 14:59:32.4652 INFO List
2012-06-29 15:03:11.3868 INFO List
2012-06-29 15:03:13.1652 INFO List
2012-06-29 15:03:17.6580 INFO List
2012-06-29 15:05:51.6060 INFO List
2012-06-29 15:05:54.7293 INFO List
2012-06-29 15:06:01.3957 INFO List
2012-06-29 15:08:15.2310 INFO List
2012-06-29 15:09:07.2430 INFO List
2012-06-29 15:09:50.5446 INFO List
2012-06-29 15:10:10.8554 INFO Product with ID = 106 and name asdasd in database must be inserted or updated in database
2012-06-29 15:11:34.7131 INFO List
2012-06-29 15:11:50.8354 INFO List
2012-06-29 15:15:03.6721 INFO List
2012-06-29 15:15:12.2458 INFO List
2012-06-29 15:16:28.9194 INFO Product with ID = 107 and name asd in database must be inserted or updated in database
2012-06-29 15:17:41.4646 INFO List
2012-06-29 15:17:44.8228 INFO List
2012-06-29 15:18:39.5229 INFO List
2012-06-29 15:18:41.6288 INFO List
2012-06-29 15:20:28.3966 INFO List
2012-06-29 15:20:28.6462 INFO List
2012-06-29 15:20:28.9894 INFO List
2012-06-29 15:20:29.3014 INFO List
2012-06-29 15:20:29.9878 INFO List
2012-06-29 15:23:00.4953 INFO List
2012-06-29 15:23:52.6331 INFO List
2012-06-29 15:26:57.1596 INFO List
2012-06-29 15:27:11.2746 INFO Product with ID = 108 and name sdfsdf;''\\]\' in database must be inserted or updated in database
2012-06-29 15:27:46.7067 INFO Product with ID = 106 and name asdasd in database must be inserted or updated in database
2012-06-29 15:29:26.8406 INFO List
2012-06-29 15:29:36.3029 INFO Product with ID = 109 and name asd in database must be inserted or updated in database
2012-06-29 15:29:42.5780 INFO Product with id = 108 and name 108 has been removed from database
2012-06-29 15:29:47.9269 INFO Product with id = 109 and name 109 has been removed from database
2012-06-29 15:31:27.8729 INFO List
2012-06-29 15:32:05.4124 INFO List
2012-06-29 15:32:17.9982 INFO Product with ID = 110 and name wer in database must be inserted or updated in database
2012-06-29 15:32:48.9075 INFO Product with ID = 106 and name asdasd in database must be inserted or updated in database
2012-06-29 15:33:06.3895 INFO Product with ID = 110 and name wer in database must be inserted or updated in database
2012-06-29 15:33:36.6113 INFO List
2012-06-29 15:33:53.9767 INFO List
2012-06-29 15:34:32.3648 INFO List
2012-06-29 15:34:41.6929 INFO Product with ID = 111 and name sdfsdf;''\\]\' in database must be inserted or updated in database
2012-06-29 15:34:48.9372 INFO Product with ID = 112 and name sdfsdf in database must be inserted or updated in database
2012-06-29 15:36:22.4357 INFO List
2012-06-29 15:37:03.0128 INFO List
2012-06-29 15:37:07.6022 INFO List
2012-06-29 15:37:18.0269 INFO Product with ID = 4 and name Aniseed Syrup in database must be inserted or updated in database
2012-06-29 15:37:22.5017 INFO Product with ID = 4 and name Aniseed Syrup in database must be inserted or updated in database
2012-06-29 15:37:31.0189 INFO Product with ID = 113 and name asd in database must be inserted or updated in database
2012-06-29 15:37:33.5099 INFO List
2012-06-29 15:37:34.3159 INFO List
2012-06-29 15:37:40.1508 INFO List
2012-06-29 15:37:42.2902 INFO List
2012-06-29 15:37:42.9452 INFO List
2012-06-29 15:37:43.5152 INFO List
2012-06-29 15:37:43.9382 INFO List
2012-06-29 15:37:44.2602 INFO List
2012-06-29 15:37:44.6902 INFO List
2012-06-29 15:37:45.0192 INFO List
2012-06-29 15:38:01.9697 INFO Product with ID = 114 and name rfdgdfg in database must be inserted or updated in database
2012-06-29 15:39:26.5567 INFO List
2012-06-29 15:39:29.3593 INFO List
2012-06-29 15:41:10.9310 INFO List
2012-06-29 15:41:14.1446 INFO List
2012-06-29 15:41:17.4576 INFO List
2012-06-29 15:41:31.0276 INFO Order with id 11084 saved in database
2012-06-29 15:41:46.1316 INFO Product with ID = 115 and name sdf in database must be inserted or updated in database
2012-06-29 15:42:26.1872 INFO List
2012-06-29 15:42:28.3032 INFO List
2012-06-29 15:42:32.9894 INFO Product with ID = 116 and name sdfsdf;''\\]\' in database must be inserted or updated in database
2012-06-29 15:42:44.6358 INFO List
2012-06-29 15:42:58.0584 INFO List
2012-06-29 15:43:00.8836 INFO List
2012-06-29 15:43:05.5409 INFO List
2012-06-29 15:43:11.3101 INFO Product with ID = 117 and name sdfsdf;''\\]\' in database must be inserted or updated in database
2012-06-29 15:44:50.7080 INFO List
2012-06-29 15:45:00.2969 INFO Product with ID = 118 and name asdsdf in database must be inserted or updated in database
2012-06-29 15:45:03.2265 INFO List
2012-06-29 15:45:05.3445 INFO List
2012-06-29 15:45:09.1769 INFO List
2012-06-29 15:45:16.7260 INFO List
2012-06-29 15:45:31.6418 INFO Order with id 11085 saved in database
2012-06-29 15:45:42.7838 INFO List
2012-06-29 15:45:44.7282 INFO List
2012-06-29 15:46:00.6777 INFO Product with ID = 117 and name sdfsdf;''\\]\' in database must be inserted or updated in database
2012-06-29 15:48:04.8440 INFO List
2012-06-29 15:48:05.0600 INFO List
2012-06-29 15:48:05.1810 INFO List
2012-06-29 15:48:06.8430 INFO List
2012-06-29 15:48:07.3040 INFO List
2012-06-29 15:48:07.4260 INFO List
2012-06-29 15:48:07.4560 INFO List
2012-06-29 15:48:07.4830 INFO List
2012-06-29 15:48:07.6450 INFO List
2012-06-29 15:48:13.1370 INFO List
2012-06-29 15:48:13.1640 INFO List
2012-06-29 15:48:13.6244 INFO List
2012-06-29 15:48:13.6514 INFO List
2012-06-29 15:48:13.7964 INFO List
2012-06-29 15:48:13.8234 INFO List
2012-06-29 15:48:13.9434 INFO List
2012-06-29 15:48:13.9724 INFO List
2012-06-29 15:48:14.0824 INFO List
2012-06-29 15:48:14.1144 INFO List
2012-06-29 15:48:14.6114 INFO List
2012-06-29 15:48:14.6632 INFO List
2012-06-29 15:48:14.7950 INFO List
2012-06-29 15:48:14.8310 INFO List
2012-06-29 15:48:14.9960 INFO List
2012-06-29 15:48:15.0230 INFO List
2012-06-29 15:48:15.1390 INFO List
2012-06-29 15:48:15.1690 INFO List
2012-06-29 15:48:28.0966 INFO List
2012-06-29 15:48:28.1636 INFO List
2012-06-29 15:48:28.1756 INFO List
2012-06-29 15:48:28.3726 INFO List
2012-06-29 15:49:27.0317 INFO List
2012-06-29 15:49:48.8900 INFO List
2012-06-29 15:50:23.9852 INFO List
2012-06-29 15:50:29.4226 INFO List
2012-06-29 15:50:29.9356 INFO List
2012-06-29 15:50:30.9176 INFO List
2012-06-29 15:50:31.6206 INFO List
2012-06-29 15:50:31.9996 INFO List
2012-06-29 15:54:22.8922 INFO List
2012-06-29 15:54:23.1112 INFO List
2012-06-29 15:54:41.4493 INFO List
2012-06-29 15:55:38.3703 INFO List
2012-06-29 15:55:38.3703 INFO List
2012-06-29 15:56:39.7816 INFO List
2012-06-29 15:57:37.7882 INFO List
2012-06-29 15:57:38.8622 INFO List
2012-06-29 15:57:39.9562 INFO List
2012-06-29 15:57:46.5025 INFO List
2012-06-29 15:57:49.8259 INFO List
2012-06-29 15:57:51.0439 INFO List
2012-06-29 15:57:51.7819 INFO List
2012-06-29 15:57:52.2629 INFO List
2012-06-29 15:57:52.7899 INFO List
2012-06-29 15:57:53.2609 INFO List
2012-06-29 15:57:53.6469 INFO List
2012-06-29 15:57:54.2059 INFO List
2012-06-29 15:57:54.5489 INFO List
2012-06-29 15:57:54.8879 INFO List
2012-06-29 15:57:55.4449 INFO List
2012-06-29 15:58:02.2393 INFO Product with ID = 119 and name dfds in database must be inserted or updated in database
2012-06-29 15:58:05.6153 INFO List
2012-06-29 16:02:49.6209 INFO List
2012-06-29 16:02:56.7086 INFO List
2012-06-29 16:03:01.3222 INFO List
2012-06-29 16:03:01.9392 INFO List
2012-06-29 16:03:02.5672 INFO List
2012-06-29 16:03:04.1864 INFO List
2012-06-29 16:03:04.8984 INFO List
2012-06-29 16:03:06.0766 INFO List
2012-06-29 16:03:06.6856 INFO List
2012-06-29 16:03:07.7956 INFO List
2012-06-29 16:03:08.2406 INFO List
2012-06-29 16:03:08.5816 INFO List
2012-06-29 16:03:08.8602 INFO List
2012-06-29 16:03:09.1102 INFO List
2012-06-29 16:03:20.0881 INFO Product with ID = 120 and name asdasd in database must be inserted or updated in database
2012-06-29 16:03:29.6084 INFO Product with ID = 121 and name asdasd in database must be inserted or updated in database
2012-06-29 16:04:02.6308 INFO Product with ID = 122 and name sdfsdf in database must be inserted or updated in database
2012-06-29 16:04:15.2609 INFO Product with ID = 123 and name sdfsdf in database must be inserted or updated in database
2012-06-29 16:04:17.5357 INFO List
2012-06-29 16:04:31.9695 INFO List
2012-06-29 16:04:37.7683 INFO List
2012-06-29 16:04:38.5513 INFO List
2012-06-29 16:04:38.8553 INFO List
2012-06-29 16:04:39.5173 INFO List
2012-06-29 16:04:41.2529 INFO List
2012-06-29 16:04:43.0759 INFO List
2012-06-29 16:04:47.2863 INFO List
2012-06-29 16:09:02.0481 INFO List
2012-06-29 16:09:04.2685 INFO List
2012-06-29 16:09:05.4865 INFO List
2012-06-29 16:09:05.7105 INFO List
2012-06-29 16:09:07.3964 INFO List
2012-06-29 16:09:08.0304 INFO List
2012-06-29 16:09:08.2534 INFO List
2012-06-29 16:09:08.9574 INFO List
2012-06-29 16:09:19.6905 INFO Product with ID = 124 and name asd in database must be inserted or updated in database
2012-06-29 16:09:21.3995 INFO List
2012-06-29 16:09:21.6995 INFO List
2012-06-29 16:09:21.9565 INFO List
2012-06-29 16:09:22.4605 INFO List
2012-06-29 16:09:23.0525 INFO List
2012-06-29 16:09:24.1245 INFO List
2012-06-29 16:09:25.0705 INFO List
2012-06-29 16:09:25.8445 INFO List
2012-06-29 16:09:26.5005 INFO List
2012-06-29 16:09:27.1495 INFO List
2012-06-29 16:09:27.6275 INFO List
2012-06-29 16:09:33.1089 INFO List
2012-06-29 16:09:34.9719 INFO List
2012-06-29 16:10:18.4754 INFO List
2012-06-29 16:10:19.0914 INFO List
2012-06-29 16:10:31.3140 INFO List
2012-06-29 16:10:31.5470 INFO List
2012-06-29 16:10:40.3736 INFO List
2012-06-29 16:10:40.6446 INFO List
2012-06-29 16:10:48.9688 INFO Product with ID = 125 and name 23 in database must be inserted or updated in database
2012-06-29 16:10:49.3138 INFO Product with ID = 126 and name 23 in database must be inserted or updated in database
2012-06-29 16:10:53.3669 INFO List
2012-06-29 16:10:54.5279 INFO List
2012-06-29 16:10:56.7683 INFO List
2012-06-29 16:10:57.0653 INFO List
2012-06-29 16:10:57.4233 INFO List
2012-06-29 16:10:58.3083 INFO List
2012-06-29 16:10:58.5583 INFO List
2012-06-29 16:10:58.8523 INFO List
2012-06-29 16:10:59.0963 INFO List
2012-06-29 16:10:59.3373 INFO List
2012-06-29 16:10:59.9253 INFO List
2012-06-29 16:11:00.8703 INFO List
2012-06-29 16:11:11.0765 INFO Product with ID = 127 and name sdfsdf in database must be inserted or updated in database
2012-06-29 16:11:27.5254 INFO List
2012-06-29 16:11:35.0273 INFO Order with id 11086 saved in database
2012-06-29 16:11:36.9603 INFO List
2012-06-29 16:12:18.4221 INFO List
2012-06-29 16:12:24.2186 INFO Product with ID = 128 and name sdfsdf in database must be inserted or updated in database
2012-06-29 16:13:27.3301 INFO List
2012-06-29 16:14:02.8843 INFO List
2012-06-29 16:15:08.5417 INFO List
2012-06-29 16:15:16.3828 INFO Product with ID = 129 and name sdf in database must be inserted or updated in database
2012-06-29 16:15:58.8767 INFO Product with ID = 130 and name sdf in database must be inserted or updated in database
2012-06-29 16:17:35.5223 INFO List
2012-06-29 16:21:56.4355 INFO List
2012-06-29 16:22:30.4571 INFO List
2012-06-29 16:22:33.9732 INFO List
2012-06-29 16:23:33.9212 INFO List
2012-06-29 16:23:35.1536 INFO List
2012-06-29 16:23:40.4419 INFO List
2012-06-29 16:26:15.3186 INFO List
2012-06-29 16:29:34.1057 INFO List
2012-06-29 16:29:42.6352 INFO Product with ID = 131 and name asdasd in database must be inserted or updated in database
2012-06-29 16:33:47.5884 INFO List
2012-06-29 16:33:57.6431 INFO Product with ID = 132 and name sdfsdf in database must be inserted or updated in database
2012-06-29 16:34:06.9982 INFO Product with ID = 133 and name sdfsdf in database must be inserted or updated in database
2012-06-29 16:34:36.8022 INFO List
2012-06-29 16:34:48.1761 INFO Product with ID = 134 and name sdf in database must be inserted or updated in database
2012-06-29 16:35:19.0811 INFO List
2012-06-29 16:35:39.0126 INFO Product with ID = 135 and name sdfsdf;''\\]\' in database must be inserted or updated in database
2012-06-29 16:36:48.5076 INFO Product with ID = 136 and name asd in database must be inserted or updated in database
2012-06-29 16:39:03.3289 INFO List
2012-06-29 16:39:13.4469 INFO Product with ID = 137 and name df in database must be inserted or updated in database
2012-06-29 16:42:28.8124 INFO List
2012-06-29 16:42:41.6647 INFO Product with ID = 138 and name dsfsdf in database must be inserted or updated in database
2012-06-29 21:15:03.0538 INFO List
2012-06-29 21:15:05.2138 INFO List
2012-06-29 21:15:08.7008 INFO List
2012-06-29 21:15:09.5998 INFO List
2012-06-29 21:15:13.5610 INFO List
2012-06-29 21:15:49.7483 INFO User with Email bogdan.dudnik@gmail.com and password 11 was updated in database
2012-06-29 21:16:27.7659 INFO List
2012-06-29 21:16:31.4390 INFO List
2012-06-29 21:16:32.1450 INFO List
2012-06-29 21:16:32.5790 INFO List
2012-06-29 21:16:37.7524 INFO List
2012-06-29 21:16:39.2564 INFO List
2012-06-29 21:16:41.6312 INFO List
