2012-06-27 11:24:16.8284 INFO List
2012-06-27 11:29:29.5826 INFO List
2012-06-27 11:29:35.4266 INFO List
2012-06-27 11:29:47.1256 INFO List
2012-06-27 11:39:52.8661 INFO List
2012-06-27 11:39:56.1541 INFO List
2012-06-27 11:39:58.3271 INFO List
2012-06-27 11:40:01.0201 INFO List
2012-06-27 11:40:09.1880 INFO List
2012-06-27 11:42:18.5393 INFO List
2012-06-27 11:42:20.1923 INFO List
2012-06-27 11:43:34.2034 INFO List
2012-06-27 11:44:06.2941 INFO List
2012-06-27 11:44:08.5301 INFO List
2012-06-27 11:44:10.6221 INFO List
2012-06-27 11:44:13.8881 INFO List
2012-06-27 11:44:14.8111 INFO List
2012-06-27 11:44:18.9591 INFO List
2012-06-27 11:44:31.5260 INFO List
2012-06-27 11:45:19.4574 INFO List
2012-06-27 11:46:20.0289 INFO List
2012-06-27 11:46:44.0026 INFO List
2012-06-27 11:48:01.5748 INFO List
2012-06-27 11:48:08.3907 INFO List
2012-06-27 11:49:39.2097 INFO List
2012-06-27 11:49:41.8657 INFO List
2012-06-27 11:50:16.3834 INFO List
2012-06-27 11:50:20.2944 INFO List
2012-06-27 11:51:28.8514 INFO List
2012-06-27 11:51:53.7574 INFO List
2012-06-27 11:55:35.1452 INFO List
2012-06-27 11:55:38.4911 INFO List
2012-06-27 11:56:02.7079 INFO List
2012-06-27 11:56:12.0038 INFO List
2012-06-27 12:00:14.9968 INFO List
2012-06-27 12:01:08.6772 INFO List
2012-06-27 12:03:47.9246 INFO List
2012-06-27 12:03:51.0685 INFO List
2012-06-27 12:03:55.2655 INFO List
2012-06-27 12:04:28.5573 INFO List
2012-06-27 12:04:39.0292 INFO List
2012-06-27 12:04:45.0992 INFO List
2012-06-27 12:04:46.3422 INFO List
2012-06-27 12:04:51.3191 INFO List
2012-06-27 12:09:23.7826 INFO List
2012-06-27 12:10:15.5286 INFO List
2012-06-27 12:10:20.1335 INFO List
2012-06-27 12:15:56.5033 INFO List
2012-06-27 12:17:16.8859 INFO List
2012-06-27 12:18:15.2718 INFO List
2012-06-27 12:18:44.6744 INFO List
2012-06-27 12:19:53.1882 INFO List
2012-06-27 12:22:58.6577 INFO List
2012-06-27 12:23:05.9576 INFO List
2012-06-27 12:24:25.2216 INFO List
2012-06-27 12:24:44.4595 INFO List
2012-06-27 12:26:14.5041 INFO List
2012-06-27 12:26:52.0980 INFO List
2012-06-27 12:27:22.2285 INFO List
2012-06-27 12:27:36.3364 INFO List
2012-06-27 12:40:23.5308 INFO List
2012-06-27 12:41:24.6222 INFO List
2012-06-27 12:42:18.8205 INFO List
2012-06-27 12:46:05.8676 INFO List
2012-06-27 12:47:16.0229 INFO List
2012-06-27 12:47:18.0929 INFO List
2012-06-27 12:47:34.4218 INFO List
2012-06-27 12:50:00.7255 INFO List
2012-06-27 12:50:50.7174 INFO List
2012-06-27 12:51:35.9919 INFO List
2012-06-27 12:52:01.3259 INFO List
2012-06-27 12:52:45.0284 INFO List
2012-06-27 12:52:49.4294 INFO List
2012-06-27 12:53:05.9143 INFO List
2012-06-27 12:53:14.7452 INFO List
2012-06-27 12:53:25.6621 INFO List
2012-06-27 12:54:36.8293 INFO List
2012-06-27 13:31:22.1888 INFO List
2012-06-27 13:31:28.0638 INFO List
2012-06-27 13:31:30.7726 INFO List
2012-06-27 13:32:31.4815 INFO List
2012-06-27 13:32:49.6402 INFO List
2012-06-27 13:35:21.3543 INFO List
2012-06-27 13:37:06.9441 INFO List
2012-06-27 13:38:16.5963 INFO List
2012-06-27 13:39:13.6757 INFO List
2012-06-27 13:40:00.1785 INFO List
2012-06-27 13:40:09.5390 INFO List
2012-06-27 13:40:40.6104 INFO List
2012-06-27 13:41:05.1199 INFO List
2012-06-27 13:41:49.8581 INFO List
2012-06-27 13:42:00.6182 INFO List
2012-06-27 13:46:15.3349 INFO List
2012-06-27 13:49:12.0505 INFO List
2012-06-27 13:51:07.2630 INFO List
2012-06-27 13:52:02.9604 INFO List
2012-06-27 13:55:17.4556 INFO List
2012-06-27 13:55:40.9159 INFO List
2012-06-27 13:56:18.5365 INFO List
2012-06-27 13:58:19.9432 INFO List
2012-06-27 15:23:49.8325 INFO List
2012-06-27 15:24:00.1794 INFO List
2012-06-27 15:24:05.0574 INFO List
2012-06-27 15:31:07.6909 INFO List
2012-06-27 15:34:44.6527 INFO List
2012-06-27 15:34:52.1522 INFO List
2012-06-27 15:35:00.9463 INFO List
2012-06-27 16:14:05.5122 INFO List
2012-06-27 16:14:14.8470 INFO List
2012-06-27 16:14:25.5679 INFO List
2012-06-27 16:14:41.1066 INFO List
2012-06-27 16:15:17.5958 INFO Category with id = 1 and name 1 must be removed from database
2012-06-27 16:15:48.4055 INFO Category with id = 6 and name 6 is saved in database
2012-06-27 16:15:53.4279 INFO List
2012-06-27 16:18:48.7870 INFO List
2012-06-27 16:18:51.8626 INFO List
2012-06-27 16:18:53.0536 INFO List
2012-06-27 16:33:17.4875 INFO List
2012-06-27 16:33:21.6571 INFO List
2012-06-27 16:33:26.7858 INFO List
2012-06-27 16:37:11.4391 INFO List
2012-06-27 16:37:14.3634 INFO List
2012-06-27 16:37:14.9055 INFO List
2012-06-27 16:37:15.1905 INFO List
2012-06-27 16:37:19.6826 INFO List
2012-06-27 16:38:56.3217 INFO List
2012-06-27 16:41:38.6662 INFO User with Email a@a.a and password aa was updated in database
2012-06-27 16:41:43.1864 INFO List
2012-06-27 16:41:47.8154 INFO List
2012-06-27 16:41:56.9022 INFO List
2012-06-27 16:42:00.8684 INFO List
2012-06-27 16:42:07.1508 INFO List
2012-06-27 16:42:18.1811 INFO List
2012-06-27 16:45:38.4153 INFO List
2012-06-27 16:46:52.8146 INFO List
2012-06-27 16:48:16.8384 INFO List
2012-06-27 16:49:11.7896 INFO List
2012-06-27 16:50:44.4838 INFO User with Email a@a.a and password aa                                                                                                                                                                                                                                                                                                                                                                                                                                                                                                                   was updated in database
2012-06-27 16:51:00.0178 INFO List
2012-06-27 16:55:18.6300 INFO List
2012-06-27 16:55:35.4764 INFO List
2012-06-27 16:55:39.7642 INFO List
2012-06-27 16:55:47.3082 INFO List
2012-06-27 16:57:09.9204 INFO List
2012-06-27 16:58:53.9617 INFO List
2012-06-27 17:01:00.6279 INFO List
2012-06-27 17:01:05.4922 INFO List
2012-06-27 17:01:35.8138 INFO Order with id 11080 saved in database
2012-06-27 17:12:20.0997 INFO List
2012-06-27 17:12:52.5279 INFO List
2012-06-27 17:13:17.4035 INFO Product with ID = 74 and name Longlife Tofu TEST in database must be inserted or updated in database
2012-06-27 17:13:17.6015 INFO List
2012-06-27 17:13:26.6223 INFO Product with ID = 74 and name Longlife Tofu in database must be inserted or updated in database
2012-06-27 17:13:26.8163 INFO List
2012-06-27 17:13:34.7453 INFO List
2012-06-27 17:15:24.4123 INFO List
2012-06-27 17:15:36.2036 INFO List
2012-06-27 17:15:40.3412 INFO List
2012-06-27 17:16:23.7449 INFO List
2012-06-27 17:16:43.8074 INFO List
2012-06-27 17:16:49.8388 INFO List
2012-06-27 17:19:14.6238 INFO List
2012-06-27 17:32:11.1873 INFO List
2012-06-27 17:33:41.0434 INFO List
2012-06-27 17:35:02.0160 INFO List
2012-06-27 17:36:19.0699 INFO List
2012-06-27 17:36:30.6563 INFO List
2012-06-27 17:39:35.1312 INFO List
2012-06-27 17:41:11.9270 INFO List
2012-06-27 17:49:32.5650 INFO List
2012-06-27 17:49:34.8938 INFO List
2012-06-27 17:49:43.5459 INFO List
2012-06-27 17:52:05.4609 INFO List
2012-06-27 17:52:26.8875 INFO List
2012-06-27 17:55:35.9793 INFO List
2012-06-27 17:55:41.1787 INFO List
2012-06-27 17:55:46.2063 INFO List
2012-06-27 18:10:13.2995 INFO List
2012-06-27 18:11:24.3709 INFO List
2012-06-27 18:11:26.2739 INFO List
2012-06-27 18:11:27.7489 INFO List
2012-06-27 18:11:28.1969 INFO List
2012-06-27 18:11:28.6259 INFO List
2012-06-27 18:11:29.2759 INFO List
2012-06-27 18:11:30.3369 INFO List
2012-06-27 18:11:30.6599 INFO List
2012-06-27 18:11:31.6199 INFO List
2012-06-27 18:11:32.1169 INFO List
2012-06-27 18:11:36.7157 INFO List
2012-06-27 18:11:44.5459 INFO List
2012-06-27 18:12:40.8523 INFO List
2012-06-27 18:14:29.8745 INFO List
2012-06-27 18:14:42.2295 INFO List
2012-06-27 18:14:48.3673 INFO List
2012-06-27 18:16:06.2903 INFO List
2012-06-27 18:18:21.1785 INFO List
2012-06-27 18:30:09.5347 INFO List
2012-06-27 18:33:51.9526 INFO List
2012-06-27 18:34:49.4559 INFO List
2012-06-27 18:36:20.7533 INFO List
2012-06-27 18:36:53.6006 INFO List
2012-06-27 18:37:29.3520 INFO List
2012-06-27 18:38:03.6119 INFO List
2012-06-27 18:38:26.9251 INFO List
2012-06-27 18:39:25.3314 INFO List
2012-06-27 18:39:28.9214 INFO List
2012-06-27 18:40:45.5124 INFO List
2012-06-27 18:43:44.3004 INFO List
2012-06-27 18:43:52.3692 INFO List
2012-06-27 18:43:56.1180 INFO List
2012-06-27 18:46:26.3962 INFO Product with ID = 89 and name test in database must be inserted or updated in database
2012-06-27 18:46:26.6982 INFO List
2012-06-27 18:55:05.5504 INFO List
2012-06-27 19:10:47.9162 INFO List
2012-06-27 19:11:01.0780 INFO Product with ID = 90 and name o in database must be inserted or updated in database
2012-06-27 19:11:01.6720 INFO Product with ID = 91 and name o in database must be inserted or updated in database
2012-06-27 19:11:01.9458 INFO List
2012-06-27 19:11:08.1170 INFO Product with id = 90 and name 90 has been removed from database
2012-06-27 19:11:08.4360 INFO List
2012-06-27 19:11:12.6494 INFO Product with id = 91 and name 91 has been removed from database
2012-06-27 19:11:12.9264 INFO List
2012-06-27 19:11:45.0856 INFO List
2012-06-27 19:11:46.7656 INFO List
2012-06-27 19:14:06.1884 INFO List
2012-06-27 19:19:04.1346 INFO Product with ID = 92 and name 6 in database must be inserted or updated in database
2012-06-27 19:19:04.4246 INFO List
2012-06-27 19:19:14.0390 INFO Product with ID = 93 and name 6 in database must be inserted or updated in database
2012-06-27 19:19:14.2590 INFO List
2012-06-27 19:19:18.0280 INFO Product with ID = 94 and name 6 in database must be inserted or updated in database
2012-06-27 19:19:18.2480 INFO List
2012-06-27 19:25:52.2128 INFO List
2012-06-27 19:28:09.4822 INFO List
2012-06-27 19:28:12.3562 INFO List
2012-06-27 19:28:30.6964 INFO Product with ID = 95 and name 456 in database must be inserted or updated in database
2012-06-27 19:28:30.9444 INFO List
2012-06-27 19:28:37.4238 INFO Product with id = 95 and name 95 has been removed from database
2012-06-27 19:28:37.6286 INFO List
2012-06-27 19:28:41.5426 INFO Product with id = 94 and name 94 has been removed from database
2012-06-27 19:28:41.7566 INFO List
2012-06-27 19:28:46.6622 INFO Product with id = 93 and name 93 has been removed from database
2012-06-27 19:28:46.8758 INFO List
2012-06-27 19:28:50.2220 INFO Product with id = 92 and name 92 has been removed from database
2012-06-27 19:28:50.4370 INFO List
2012-06-27 19:28:54.3022 INFO Product with id = 89 and name 89 has been removed from database
2012-06-27 19:28:54.5092 INFO List
2012-06-27 19:40:03.7366 INFO List
2012-06-27 19:40:13.6618 INFO List
2012-06-27 19:43:15.2881 INFO List
2012-06-27 19:43:19.6837 INFO List
2012-06-27 19:44:25.5459 INFO List
2012-06-27 19:47:59.3275 INFO Product with ID = 96 and name 2 in database must be inserted or updated in database
2012-06-27 19:48:01.9225 INFO List
2012-06-27 19:51:07.9201 INFO List
2012-06-27 19:59:02.9213 INFO Product with ID = 97 and name TEST in database must be inserted or updated in database
2012-06-27 20:05:11.7929 INFO List
2012-06-27 20:05:15.7777 INFO List
2012-06-27 20:06:35.2165 INFO List
2012-06-27 20:06:40.5524 INFO List
2012-06-27 20:08:22.3229 INFO List
2012-06-27 20:10:31.3151 INFO List
2012-06-27 20:10:33.3239 INFO List
2012-06-27 20:11:26.8223 INFO List
2012-06-27 20:11:51.2083 INFO List
2012-06-27 20:12:15.6104 INFO List
2012-06-27 20:12:19.2024 INFO List
2012-06-27 20:12:28.3437 INFO List
2012-06-27 20:12:50.8360 INFO List
2012-06-27 20:15:23.4329 INFO Product with id = 96 and name 96 has been removed from database
2012-06-27 20:15:46.3492 INFO Product with id = 97 and name 97 has been removed from database
2012-06-27 20:19:19.2241 INFO List
2012-06-27 20:20:12.7033 INFO Supplier with id 37 and CompanyName test saved in database
2012-06-27 20:20:29.4511 INFO Supplier with id 37 and CompanyName test removed from database
2012-06-27 20:22:49.6739 INFO Supplier with id 1 and CompanyName Exotic Liquids saved in database
2012-06-27 20:23:15.1575 INFO Supplier with id 29 and CompanyName Forêts d'érables removed from database
2012-06-27 20:23:29.8283 INFO Suhipper with id 5 and CompanyName TEST saved in database
2012-06-27 20:23:42.2091 INFO Suhipper with id 5 and CompanyName TEST! saved in database
2012-06-27 20:23:45.1295 INFO Shipper with id 5 and CompanyName TEST! removed from database
2012-06-27 20:28:41.7605 INFO User with Email a@a.a and password aa                                                                                                                                                                                                                                                                                                                                                                                                                                                                                                                   was updated in database
2012-06-27 20:28:51.6665 INFO User with Email a@a.a and password aa                                                                                                                                                                                                                                                                                                                                                                                                                                                                                                                   was updated in database
2012-06-27 20:35:23.7373 INFO List
2012-06-27 20:35:26.2995 INFO List
2012-06-27 20:35:36.9959 INFO Category with id = 2 and name 2 is saved in database
2012-06-27 20:36:08.5225 INFO Category with id = 27 and name 27 is saved in database
2012-06-27 20:39:08.3463 INFO Category with id = 2 and name 2 is saved in database
2012-06-27 20:41:32.3128 INFO Category with id = 28 and name 28 is saved in database
2012-06-27 20:41:58.1202 INFO Category with id = 28 and name 28 must be removed from database
2012-06-27 20:42:05.0466 INFO Category with id = 27 and name 27 is saved in database
2012-06-27 20:45:26.1210 INFO List
2012-06-27 20:46:05.7096 INFO List
2012-06-27 20:46:10.5406 INFO List
2012-06-27 20:48:16.0978 INFO Category with id = 27 and name 27 is saved in database
2012-06-27 20:51:07.7258 INFO List
2012-06-27 20:51:11.5670 INFO List
2012-06-27 20:51:20.0941 INFO List
2012-06-27 20:51:42.9969 INFO List
2012-06-27 21:02:14.3952 INFO List
2012-06-27 21:07:31.9284 INFO Product with id = 74 and name 74 has been removed from database
2012-06-27 21:08:36.8502 INFO List
2012-06-27 21:08:54.4314 INFO List
2012-06-27 21:08:55.4298 INFO List
2012-06-27 21:08:57.2394 INFO List
2012-06-27 21:10:32.4570 INFO List
2012-06-27 21:10:37.0822 INFO List
2012-06-27 21:21:35.8157 INFO List
2012-06-27 21:21:55.7077 INFO List
2012-06-27 21:21:56.5237 INFO List
2012-06-27 21:21:57.6357 INFO List
2012-06-27 21:21:59.0177 INFO List
2012-06-27 21:21:59.8947 INFO List
2012-06-27 21:22:01.4437 INFO List
